<?xml version="1.0" encoding="UTF-8"?>
<!-- Generated by org.testng.reporters.JUnitReportReporter -->
<testsuite hostname="C02D2468MD6P" failures="0" tests="4" name="teste1.cenarios" time="20.144" errors="0" timestamp="2022-06-28T18:30:42 BRT" skipped="0">
  <testcase classname="teste1.cenarios" name="buyMultipleMAX" time="5.654"/>
  <system-out/>
  <testcase classname="teste1.cenarios" name="buyMultipleMID" time="4.915"/>
  <system-out/>
  <testcase classname="teste1.cenarios" name="removeItems" time="4.434"/>
  <system-out/>
  <testcase classname="teste1.cenarios" name="buySingleItem" time="5.141"/>
  <system-out/>
</testsuite> <!-- teste1.cenarios -->
